0 info it worked if it ends with ok
1 verbose cli [ '/Users/AirMike/.nvm/versions/node/v4.4.6/bin/node',
1 verbose cli   '/Users/AirMike/.nvm/versions/node/v4.4.6/bin/npm',
1 verbose cli   'run',
1 verbose cli   'make',
1 verbose cli   'preview' ]
2 info using npm@3.10.4
3 info using node@v4.4.6
4 verbose run-script [ 'premake', 'make', 'postmake' ]
5 info lifecycle @~premake: @
6 silly lifecycle @~premake: no script for premake, continuing
7 info lifecycle @~make: @
8 verbose lifecycle @~make: unsafe-perm in lifecycle true
9 verbose lifecycle @~make: PATH: /Users/AirMike/.nvm/versions/node/v4.4.6/lib/node_modules/npm/bin/node-gyp-bin:/Users/AirMike/Documents/git/sassdoc.github.io/node_modules/.bin:/Users/AirMike/.nvm/versions/node/v4.4.6/bin:/Users/AirMike/.nvm/versions/node/v4.4.6/bin:/usr/local/bin:/usr/bin:/bin:/usr/sbin:/sbin:/usr/local/MacGPG2/bin
10 verbose lifecycle @~make: CWD: /Users/AirMike/Documents/git/sassdoc.github.io
11 silly lifecycle @~make: Args: [ '-c', 'babel-node --experimental make "preview"' ]
12 silly lifecycle @~make: Returned: code: 1  signal: null
13 info lifecycle @~make: Failed to exec make script
14 verbose stack Error: @ make: `babel-node --experimental make "preview"`
14 verbose stack Exit status 1
14 verbose stack     at EventEmitter.<anonymous> (/Users/AirMike/.nvm/versions/node/v4.4.6/lib/node_modules/npm/lib/utils/lifecycle.js:242:16)
14 verbose stack     at emitTwo (events.js:87:13)
14 verbose stack     at EventEmitter.emit (events.js:172:7)
14 verbose stack     at ChildProcess.<anonymous> (/Users/AirMike/.nvm/versions/node/v4.4.6/lib/node_modules/npm/lib/utils/spawn.js:40:14)
14 verbose stack     at emitTwo (events.js:87:13)
14 verbose stack     at ChildProcess.emit (events.js:172:7)
14 verbose stack     at maybeClose (internal/child_process.js:827:16)
14 verbose stack     at Process.ChildProcess._handle.onexit (internal/child_process.js:211:5)
15 verbose pkgid @
16 verbose cwd /Users/AirMike/Documents/git/sassdoc.github.io
17 error Darwin 15.5.0
18 error argv "/Users/AirMike/.nvm/versions/node/v4.4.6/bin/node" "/Users/AirMike/.nvm/versions/node/v4.4.6/bin/npm" "run" "make" "preview"
19 error node v4.4.6
20 error npm  v3.10.4
21 error code ELIFECYCLE
22 error @ make: `babel-node --experimental make "preview"`
22 error Exit status 1
23 error Failed at the @ make script 'babel-node --experimental make "preview"'.
23 error Make sure you have the latest version of node.js and npm installed.
23 error If you do, this is most likely a problem with the  package,
23 error not with npm itself.
23 error Tell the author that this fails on your system:
23 error     babel-node --experimental make "preview"
23 error You can get information on how to open an issue for this project with:
23 error     npm bugs
23 error Or if that isn't available, you can get their info via:
23 error     npm owner ls
23 error There is likely additional logging output above.
24 verbose exit [ 1, true ]
